Connected to database !
server is running at 4000
policy number -------> 8SXMXX3WE0LY2
policy number -------> 8EBX5MBW6A67Z
policy number -------> O5KECNQ6A28ND
policy number -------> VPOFUBYCIJ0VE
policy number -------> RP4I94DF26XF1
policy number -------> S1MRIE4O00FU9
policy number -------> 5OY74EKDHEF2M
policy number -------> QQLQX84TH1WCI
policy number -------> F4OLGUQUP4XVO
policy number -------> Q6UJB8GP6WC3H
policy number -------> LM9ZF6GTUT6CY
policy number -------> CSW7ZKV8NQ0P5
policy number -------> OKCS670HBX6G0
policy number -------> 2ZOPCL4ZENLHH
policy number -------> J7SME65P9TR55
policy number -------> FMOF42RTC66LZ
policy number -------> ANAQS1PA201IY
policy number -------> ZILI245Z2JIPB
policy number -------> ZIHTVNXNGO6BY
policy number -------> XOIA539HTQUY9
policy number -------> 51T1HRXLKVFKK
policy number -------> XI1KH1GC39RHN
policy number -------> 7596MUZT4CLMN
policy number -------> ZZD72AGFTS5UM
policy number -------> 6BUUT03GXFIF2
policy number -------> EAXGBJVSEIP6F
policy number -------> YTS0GDAAV747R
policy number -------> LSJSX319GFM1F
policy number -------> 36V21AGFQM1IK
policy number -------> XGA4SB0EF26P1
policy number -------> 2OM03SC78RVTU
policy number -------> I8HAEX5MEIKVT
policy number -------> YVXTG4C8B4EUQ
policy number -------> IC46IV0YWOF3J
policy number -------> OHM46Z6LJL9M6
policy number -------> K1L2VOU5M2TVC
policy number -------> 3BKIEM34M1NKW
policy number -------> WTQMSFEBZXQZZ
policy number -------> L13XDSIK4XTEZ
policy number -------> 0OM1W18SQK4HY
policy number -------> GRB3BYJY4RU2U
policy number -------> PW96NC1M9TOA9
policy number -------> NGL4YTMHFXOT0
policy number -------> OYMY5QJALX9S6
policy number -------> UI6SOOFK7NN94
policy number -------> R26K261CF2MAB
policy number -------> TJ91Y1DJ7HH7R
policy number -------> 42BECZWYG9GUI
policy number -------> AVYUVIWH8GBQV
policy number -------> 4ZXODBNDSWBXB
policy number -------> NTA296H7U08AU
policy number -------> VGKJ1QJC7W7DS
policy number -------> D5060HYE0CEO0
policy number -------> GJ83SPYNGMERK
policy number -------> 2XE4EUXFDLCU7
policy number -------> 96FOW4EPD8GMR
policy number -------> 13LXMX621AD1R
policy number -------> 3WML2KNB37WNR
policy number -------> 8WE8JP9HEZTRK
policy number -------> WCKPH7R4F6WQ5
policy number -------> H4KGMVEBCCEM0
policy number -------> SQ1R3Y5DAETID
policy number -------> CB8EJ7PKX42BS
policy number -------> 0G5O4ODZ2DWAS
policy number -------> ZLKWQ2NG00R6X
policy number -------> 24F3MGNQ6W0WI
policy number -------> O4NZDM5BY5X6W
policy number -------> NSZEYGI4V5UO4
policy number -------> K3KXD3BF0GPNH
policy number -------> S0D6FNUEIXO81
policy number -------> N0YN8J9KQEDO8
policy number -------> LD3EYHMXRZI96
policy number -------> 3UULO5E9VIEGM
policy number -------> UB1QXQAV2DV0D
policy number -------> I4DNGW6VBF39E
policy number -------> 5YT3HGTXR5NO5
policy number -------> PTBCROG5T770N
policy number -------> KRE42ZK5OPHFG
policy number -------> 9NNGL07PFIZIE
policy number -------> HT31BALOZTISG
policy number -------> KV6DCOXJZ6U19
policy number -------> QZ1XI3ZD7XISE
policy number -------> 5VWE0VXYPJDB0
policy number -------> LY78R0SXDIP9Q
policy number -------> RR0VP219NDHTX
policy number -------> EX0B4OI5I82NE
policy number -------> ZLGXM1FKX4K4H
policy number -------> MPBN91JB2GW25
policy number -------> DVHPCKFJ8TT12
policy number -------> S8YJTMPVC5THL
policy number -------> NDFXGTJMDUFDZ
policy number -------> G51KDRPBTJSN1
policy number -------> GK9TM0SI1SAT2
policy number -------> I2EJWTKN932AT
policy number -------> WNT4MIGKQLCS4
policy number -------> AE82RQEPXWHW8
policy number -------> FG1T66VDCB6PD
policy number -------> QHPM2RT1PXKT6
policy number -------> VM2ZKZOA472YX
policy number -------> XPMMAH9PC2Y0D
policy number -------> 8QRJ8Z7E9IIPW
policy number -------> PMXDR04VPEBBA
policy number -------> MJGH6P0H3IFMV
policy number -------> KLX64B7GAQYO5
policy number -------> V79DMRH1NTAQ7
policy number -------> JIJSE57XSW5VX
policy number -------> IGF6T4RADAA9A
policy number -------> BQ0FMKBCW2ZBM
policy number -------> Q5GR2PCZJA8GQ
policy number -------> EGJWXP99ALZ2X
policy number -------> RA7IVI2VJ9JC1
policy number -------> FQ9TK0DZCIK1G
policy number -------> BJRNQM6262OM3
policy number -------> VILE04JRDUKY2
policy number -------> 32PJWHAIVU0K5
policy number -------> MBDZ7ZGAAA2R7
policy number -------> IXA557OFPEAZ7
policy number -------> 2ATIOTAS8ESA9
policy number -------> 6RH9XP74Q6O2R
policy number -------> AY1RJVCOG3G5Y
policy number -------> 86JBJ5TRUDDBI
policy number -------> 0LV0TX8YDV0T1
policy number -------> CFOKUFTL26Y15
policy number -------> MLU34HV20KR4L
policy number -------> QOF4KQ900WSCV
policy number -------> PJ9Z55RQTS6MR
policy number -------> 8BH0H0XPFW7EJ
policy number -------> 1MFK05W6QHXWM
policy number -------> AK7LXJCSHW0TM
policy number -------> B05F4U01H75JN
policy number -------> TVHHB6GFA8Q9N
policy number -------> EJFN3Z6QET8TU
policy number -------> Z3QGV9DHE3D0N
policy number -------> 126EETV3J1DZ6
policy number -------> F4GV5XYGUK6VM
policy number -------> QWOLAX74CR1B9
policy number -------> TPSUNJN5FE0ZT
policy number -------> N572SDKMMFJEO
policy number -------> BYX42FOJ5Q16N
policy number -------> 9I2P3G81YOKHC
policy number -------> N7RYD8FCQT3GK
policy number -------> EEAGBAWQRG1NF
policy number -------> O9US6WM5R9EPZ
policy number -------> WQ6R87V0QFXU6
policy number -------> Y2C1HV5Y2SVCM
policy number -------> BZYQ6GDM5949R
policy number -------> 3U75YLR5QZ729
policy number -------> WVYLZV1362ZR0
policy number -------> DAWHOG31G20I0
policy number -------> ICDOK8C4PLJS9
policy number -------> KOYXEZDBI57P4
policy number -------> LOYSMBNXE43NU
policy number -------> 8GWG2JF8CBFMX
policy number -------> 9JM9UJN9JHLM8
policy number -------> 6TAAS5OY4QW4B
policy number -------> QDYZRSAFBKT53
policy number -------> 4BD20ZSOYH567
policy number -------> 4Y4NHF4TZA4PQ
policy number -------> X77VHWSCO478A
policy number -------> 0AG95F7ETXQ44
policy number -------> B1C401D3ZKZ5N
policy number -------> PM4EXUZ0HBP6M
policy number -------> X9FKBI6PAQU6G
policy number -------> X4937RYANW646
policy number -------> PKJ4UE40YAZ02
policy number -------> P0WN4MJG2HKG6
policy number -------> QOO5YGCHF1W10
policy number -------> 0WTED9K0B7VXI
policy number -------> W3NJ5BDQCF5LB
policy number -------> YMZ9NKFIMPR9G
policy number -------> V0R1QRI77V5U6
policy number -------> IYESXJFBW0SXC
policy number -------> SSMZ9P5JI6OOH
policy number -------> X5ZM86OZ5AQEQ
policy number -------> AXKMIVRTS38H7
policy number -------> MSP38GXCTI7XK
policy number -------> 3BRSGNA3S75HI
policy number -------> 2XJ60BM2EKN56
policy number -------> C1RC2C7OM0HWR
policy number -------> 3IF8TL19PD7D6
policy number -------> 5057TWAOC9TXL
policy number -------> DCKFGTSFQH327
policy number -------> EC30SP5ADEQC2
policy number -------> NMCKCA4VGZBQ0
policy number -------> CJW9X7AJWIXVI
policy number -------> P1CWF70HOCSVH
policy number -------> 6VNGB80OG1TU0
policy number -------> TKYU6E02HWXBJ
policy number -------> WJ2IJGEA4VRLH
policy number -------> 3GFQFT26DKGJX
policy number -------> HT8KAQDEMVI55
policy number -------> 6BQ42CJS8NY57
policy number -------> 46WW1M8Z1AMCU
policy number -------> 8MOOP5523CFAW
policy number -------> BBDRMZ0WQSG56
policy number -------> PAPYDM69W217Q
policy number -------> 0H799JV6Z1ZR5
policy number -------> WDAQTP12S01CT
policy number -------> SIZOACEN6DFA8
policy number -------> EYT8YTIZ9ULLF
policy number -------> 70VACYRAAUA14
policy number -------> E8AM5IHFTX2ZZ
policy number -------> E5SWKXLQTVSB5
policy number -------> LYOW65JYDUBUT
policy number -------> Z1TL9BUFDTOCQ
policy number -------> U0HH605STJ3GK
policy number -------> 1II08NLO5ERX5
policy number -------> ILYJTUKWO6HVV
policy number -------> 38BWYOVE530RJ
policy number -------> 1ZIKOYZA6YZC8
policy number -------> T7A06MFPFUABM
policy number -------> 5CSRRRTCQZYPL
policy number -------> 5CYR1IID3VX5U
policy number -------> TM2IDMIR6RAZ1
policy number -------> C1QH08B59NN33
policy number -------> ZRLP5DPVDR6UL
policy number -------> O1EEXF7AYRHM0
policy number -------> 0WK5XYCYS6JP8
policy number -------> CH6EOI1CFG82H
policy number -------> PQLT5RO71E7J4
policy number -------> D2QQNBQ59QVQ2
policy number -------> VD8W81V7DP9C6
policy number -------> 9HBK1Q7BOCUKE
policy number -------> XHUSSWUJ4U7GR
policy number -------> 7GBON1M78HXN5
policy number -------> LSKYF9PO56C0M
policy number -------> YI25J1S6Z375G
policy number -------> 3307R0I6KR54E
policy number -------> AR3UWZFNP9DOC
policy number -------> YK07UXJXPGU2K
policy number -------> BP6DA6L9QFRHW
policy number -------> BMTUH5I134H4M
policy number -------> PJWSRG209WSDL
policy number -------> 37Y56UYS3SUON
policy number -------> 2Y5T67BBMFNE3
policy number -------> 1E5OPGQNQLUW3
policy number -------> 06ND036PG0FMT
policy number -------> H7QXQGZ6M2O6W
policy number -------> WA5RAZ3TW2BCY
policy number -------> W6YF0C0073CAB
policy number -------> LJCB8YAZRUFM9
policy number -------> YYK3ED53I3TBZ
policy number -------> SPO9HAWK5UZ55
policy number -------> 0BX63AJWIKJA9
policy number -------> 3V2IOU6NSHC51
policy number -------> IXD2MM3JXNJZU
policy number -------> CWS6TBDN1RDQL
policy number -------> ENFSLYAY5NLGO
policy number -------> QT06F697Q91ZJ
policy number -------> DDRL3U4ZK49QK
policy number -------> HZY5TJRX3OKU0
policy number -------> V4Q2S1EXCKI44
policy number -------> AJHQIE5FHYVL5
policy number -------> WVWRBQLJRDL0C
policy number -------> JBULEE8NR98C2
policy number -------> 6AO8ZBWQOCWNM
policy number -------> 2JF6OJPMYDWOA
policy number -------> 4ECW1WKB5CGPM
policy number -------> X7YW5Z96XVPXY
policy number -------> 2SEP6FJW5CF9M
policy number -------> B9RDJLL4M7CGE
policy number -------> 89DOO3HKEWWRD
policy number -------> 0YS99SOPFGSRF
policy number -------> IZAKA3K2Q98NP
policy number -------> EPFQBD2YOS1EM
policy number -------> D03G8RB1TSDEH
policy number -------> 9HTUHA74OX0GG
policy number -------> S7IDNTREYMSJQ
policy number -------> 6PF6MP2AZ4P0F
policy number -------> LYWMC0WHMJFIW
policy number -------> YE3GBWPXTSPFB
policy number -------> HHC3T3FEQ7WSP
policy number -------> NK0D22JKVQ0X6
policy number -------> APVZMFRZIUGYA
policy number -------> 5CMOKWF9HBPXO
policy number -------> VGEA9VMVIPOH2
policy number -------> 1CWPXUMSJWC70
policy number -------> 5STWL1DD0BH1X
policy number -------> NB0MZ6OG75EPU
policy number -------> JQDTEGBYG0JOR
policy number -------> 6WIJ9Y5PVZ2HU
policy number -------> ATM9EGPHZOUTS
policy number -------> JMK4WKENT8SUW
policy number -------> LJOCT9ZTEBR2W
policy number -------> I398Y6WOGX71C
policy number -------> TAHD039W55M67
policy number -------> AV3FY49BXEE4H
policy number -------> 4FAVIERRS393S
policy number -------> 43WQ8QLZ8WII9
policy number -------> WVMJNB2YSWY6K
policy number -------> NHK6W41FUL1LS
policy number -------> 2INJTXQUIP7Q4
policy number -------> HEYT5TQ3ML07J
policy number -------> LTQF3TB6SFBSL
policy number -------> CP1DSI0UKTJBH
policy number -------> SCAG0X7EMK6XU
policy number -------> KH04RBKSBVTS7
policy number -------> G9RHAWOB9X96P
policy number -------> B28892P1XXTB7
policy number -------> JTMS62EWSAKVU
policy number -------> MSQ0FHWGH54O7
policy number -------> HHOUXT51P2HSH
policy number -------> I3STZHOU4PNW5
policy number -------> A2RVEJ6V7QBUF
policy number -------> ODGJEIWQ0G3GO
policy number -------> 1LTHYLS5RUVO9
policy number -------> AZEZG6AKBD0HE
policy number -------> S4H8Y9G96SYY3
policy number -------> VKX303Q74S03V
policy number -------> L3D5QI7QSM1K6
policy number -------> CW8UAN8VXWJHJ
policy number -------> KOM6101CUTO41
policy number -------> C4HAQ5Y7MGREZ
policy number -------> E2KUGDBM7GXDQ
policy number -------> PHMNLHYVZN7HP
policy number -------> 9KBZGHN45QL58
policy number -------> JZZ3SU2GHCCA1
policy number -------> 2LN0Z0OC683KB
policy number -------> DC3WCDX6TNEME
policy number -------> RP4UFJX6IMITL
policy number -------> 13GRNPH95JQ1P
policy number -------> TESS0Z77CD5CW
policy number -------> 3E58ET9O4FVYD
policy number -------> SM9TU3O27XCXY
policy number -------> Y82G3OLRKQ46F
policy number -------> 2PYALGO7AT4EZ
policy number -------> XHIG44YRDIIMW
policy number -------> O6SM1DXF79V3Q
policy number -------> WE0XJ14GAG28O
policy number -------> 445M86QLT3E2U
policy number -------> 3TRB5SMZFC2D6
policy number -------> QIV90TZHEXVL5
policy number -------> UBXHFIPPSMOLI
policy number -------> I03EQ2UP1WGJE
policy number -------> 5PNAVOGUNUMFU
policy number -------> QMYXBGCXZLXFK
policy number -------> WUCJO9TNFF0VK
policy number -------> QKQARRAH26DPK
policy number -------> Y11SFT9LT7RBX
policy number -------> AP5JJTRS9M78F
policy number -------> 0TVH4Y6BMH17F
policy number -------> ZPF6F5N62K99B
policy number -------> G8DK531ZKJ2GG
policy number -------> OV6E4SJA9MGBJ
policy number -------> WKDH47EQJT66E
policy number -------> L4I0P7XYIQWKN
policy number -------> VA1GJAXBQ6Q15
policy number -------> AA97KVCYFAR9I
policy number -------> GBOFXRMKE2KCW
policy number -------> 6YORRL95G9ZW6
policy number -------> XFEADIXCOEEM5
policy number -------> C11TUAD2E5M3L
policy number -------> D9KTXBF48X90R
policy number -------> SXMKDOB882UDN
policy number -------> RR76ETZK0NXJM
policy number -------> IXTRL5A0NZED2
policy number -------> 4Q4RET195UUF4
policy number -------> YLR7TX2T1VRA2
policy number -------> A3985HC7WNB3S
policy number -------> 0L05F3M746L8I
policy number -------> 134WSOJKSIA4F
policy number -------> 2SVVN7RB7D2LX
policy number -------> TBQ8AK2ZEZJS3
policy number -------> 2MSN67VBJYBCK
policy number -------> HBRUSNEU7Y2RE
policy number -------> XXFRRD7CP1KPQ
policy number -------> F78K2GOZBJ05M
policy number -------> BXU48YT9DZFIZ
policy number -------> 4D5I2I8FZAYOH
policy number -------> P09SVEN1XMIB1
policy number -------> 9GN5OSXBJ9SZM
policy number -------> W53NV43FJNZZI
policy number -------> 6G5YJ0AVZ4A4W
policy number -------> MCSDX2B2JOPTM
policy number -------> K4BCVSVOFBFD6
policy number -------> F5A3W11XVO7JF
policy number -------> 239LPXQ1Z6TBS
policy number -------> NNO7ISSGSK6EK
policy number -------> L94G0JXVGVTZ8
policy number -------> WF7JFZMXYVRYS
policy number -------> FBZG11FJOK7JC
policy number -------> ZB85HHX81NE56
policy number -------> IE95FBW3RS513
policy number -------> QKJ72CQ38WYM3
policy number -------> UBBNE90Z5L4E2
policy number -------> LIWT441MIUBLD
policy number -------> TW5MX6SCL5UK3
policy number -------> RD8C02IERZ0BB
policy number -------> TCM5FTWF3EUN9
policy number -------> HVJ5T61U968YJ
policy number -------> CN3S16M390QYO
policy number -------> 4TTCBUG676VE1
policy number -------> 8NANNLLVJQHBR
policy number -------> K72DGA8UUQT1V
policy number -------> O58O2P4SPIZKV
policy number -------> 14F7VZXSDNB93
policy number -------> EW1PGG4KAB8ZV
policy number -------> M6OAG38KBDSUE
policy number -------> U1K795PJ6TR0O
policy number -------> 2PLT0P8GGHSLH
policy number -------> 1NH1IVAPA84GW
policy number -------> 98Y7ASHRJ6LIA
policy number -------> A6OZHOIKIOBNN
policy number -------> Y62MJL5OPDWNP
policy number -------> CJACKKJCCP8C8
policy number -------> F21ZT2BTNECRP
policy number -------> X0H395A8T8RFA
policy number -------> KLBW32RRDZDZ0
policy number -------> EICQFY9034HVP
policy number -------> 8RYM6AEZJ8R7L
policy number -------> IZAG5WJYTIR1E
policy number -------> S4LQ4QE6A6ATB
policy number -------> 2Z129PS2RO69M
policy number -------> 9ZRX4OSRQZ2OS
policy number -------> 3ZCUZIINU2HA0
policy number -------> 66X2W2BZI78DS
policy number -------> WN0SC160TASZ4
policy number -------> J9D1ZD6KA9N8T
policy number -------> WWMRTP93F4ENA
policy number -------> YTZTUBSC37VWH
policy number -------> OV7WRGJBFFMV3
policy number -------> 3GSZ404OFP3T8
policy number -------> EIT0628G9MQHN
policy number -------> B6OIO3C4MJFIJ
policy number -------> RPMKGNKOMPER5
policy number -------> QVRRX0B5STVVD
policy number -------> XHYO791H6IX5N
policy number -------> CROL0FIJ5ON20
policy number -------> RM54LCJE1O41P
policy number -------> 78IHUR9LVUKX0
policy number -------> S4LJZH9TDY8BO
policy number -------> CGQBC3CZ997FD
policy number -------> 41WQB6F16EUX3
policy number -------> HL4JKJ29AVRI0
policy number -------> CVOSO1FUS5C8V
policy number -------> KRW7ZP367Z1O9
policy number -------> GL11ESIWS173Q
policy number -------> 09WMHC6NMY09A
policy number -------> YNDDZLMVHIETL
policy number -------> YEBSG19RR9G2V
policy number -------> GYXZR94NOAPU0
policy number -------> VRHUU0FJ9TK9R
policy number -------> UP3M3J34I44IO
policy number -------> GHA17VCL3M71O
policy number -------> YT5TD9436EOY3
policy number -------> 0M5VCFRC3N5NK
policy number -------> XOY8SCE0XQYG5
policy number -------> GE5C7EOENPFRZ
policy number -------> 6O9WAPI1LVL2N
policy number -------> QZACYKHILBJPC
policy number -------> N5JEKSJ6ZNPXX
policy number -------> SMK90ZVDPTFRL
policy number -------> IVP9T6BVNQ5UF
policy number -------> 469XNP1T8XLN1
policy number -------> KLJWBZT3NJ96I
policy number -------> L21XQS1B0YDPI
policy number -------> W3EUA4UB7GX0G
policy number -------> 6GKEP0EE6B1A1
policy number -------> 39AOEKUV3FYJT
policy number -------> HOM98R33SS4PE
policy number -------> 7F1UYI8WKW3HI
policy number -------> 69LBXSWQYS1OP
policy number -------> PZ6CLYFDC3EA3
policy number -------> FORMFJXWETGPD
policy number -------> PXOLLIG4R1UWJ
policy number -------> NWQG93PSD8OC9
policy number -------> UWP68MM1UGK14
policy number -------> VHCSI9LBB572R
policy number -------> P8TKAHQ9BEITM
policy number -------> 0BAS6C8ZD7GTJ
policy number -------> 1S70UYR7M6X12
policy number -------> O3EWV4GY2S0GO
policy number -------> NIJD6FJM6TJTX
policy number -------> UAYIU51OONZ7B
policy number -------> 5R0JW6AQMSWHI
policy number -------> 6QV3E8POVILAS
policy number -------> 6HJT04UITKTPW
policy number -------> 6L9UT7ZZNVCRE
policy number -------> U13KSK4JDEEPP
policy number -------> OQOQ58OKECDIM
policy number -------> 6O4JKO8F5HE73
policy number -------> U51YYE660OX06
policy number -------> U94WUBT8QNBCY
policy number -------> UZAP16UHHEEC1
policy number -------> NNPRFDCME80PT
policy number -------> L6I63UDQCIDK9
policy number -------> WAXM9SJV0ZFL7
policy number -------> 9A0PF5WIRRDI7
policy number -------> P63M4CAQ8OFEP
policy number -------> 6JNTKBPGWADVM
policy number -------> 01B7I7U5HPJ7O
policy number -------> V5GGF6UZP01OM
policy number -------> 4WAFCVHIHC1UP
policy number -------> YUSVT94QT3KWW
policy number -------> XOTGSH7P7976B
policy number -------> JRO24G3RC52SL
policy number -------> GF88KOM9WUOQ2
policy number -------> 8U24PKATMPRHS
policy number -------> QHFT7G8X86GKM
policy number -------> YSXE5LABFIWJF
